2025/06/25 09:51:40 [info] 1935: 监听8080端口成功!
2025/06/25 09:51:40 [notice] 1936: master process ./nginx 1936 【master进程】启动并开始运行......!
2025/06/25 09:51:41 [notice] 1938: mirror process 1938 【mirrorwork进程】启动并开始运行......!
2025/06/25 09:51:41 [notice] 1943: persult process 1943 【persistwork进程】启动并开始运行......!
2025/06/25 09:51:41 [notice] 1939: result process 1939 【resultwork进程】启动并开始运行......!
2025/06/25 09:51:42 [notice] 1937: network process 1937 【network进程】启动并开始运行......!
2025/06/25 10:08:53 [info] 2326: 监听8080端口成功!
2025/06/25 10:08:53 [notice] 2327: master process ./nginx 2327 【master进程】启动并开始运行......!
2025/06/25 10:08:53 [notice] 2329: mirror process 2329 【mirrorwork进程】启动并开始运行......!
2025/06/25 10:08:53 [notice] 2330: result process 2330 【resultwork进程】启动并开始运行......!
2025/06/25 10:08:53 [notice] 2337: persult process 2337 【persistwork进程】启动并开始运行......!
2025/06/25 10:08:54 [notice] 2328: network process 2328 【network进程】启动并开始运行......!
2025/06/25 10:20:16 [info] 2718: 监听8080端口成功!
2025/06/25 10:20:16 [notice] 2719: master process ./nginx 2719 【master进程】启动并开始运行......!
2025/06/25 10:20:16 [notice] 2721: mirror process 2721 【mirrorwork进程】启动并开始运行......!
2025/06/25 10:20:16 [notice] 2722: result process 2722 【resultwork进程】启动并开始运行......!
2025/06/25 10:20:16 [notice] 2723: persult process 2723 【persistwork进程】启动并开始运行......!
2025/06/25 10:20:17 [notice] 2720: network process 2720 【network进程】启动并开始运行......!
2025/06/25 10:24:30 [info] 3102: 监听8080端口成功!
2025/06/25 10:24:30 [notice] 3103: master process ./nginx 3103 【master进程】启动并开始运行......!
2025/06/25 10:24:30 [notice] 3105: mirror process 3105 【mirrorwork进程】启动并开始运行......!
2025/06/25 10:24:30 [notice] 3106: result process 3106 【resultwork进程】启动并开始运行......!
2025/06/25 10:24:30 [notice] 3108: persult process 3108 【persistwork进程】启动并开始运行......!
2025/06/25 10:24:32 [notice] 3104: network process 3104 【network进程】启动并开始运行......!
2025/06/25 10:29:16 [info] 3485: 监听8080端口成功!
2025/06/25 10:29:16 [notice] 3486: master process ./nginx 3486 【master进程】启动并开始运行......!
2025/06/25 10:29:16 [notice] 3488: mirror process 3488 【mirrorwork进程】启动并开始运行......!
2025/06/25 10:29:16 [notice] 3489: result process 3489 【resultwork进程】启动并开始运行......!
2025/06/25 10:29:16 [notice] 3494: persult process 3494 【persistwork进程】启动并开始运行......!
2025/06/25 10:29:17 [notice] 3487: network process 3487 【network进程】启动并开始运行......!
2025/06/25 10:44:27 [info] 3625: 监听8080端口成功!
2025/06/25 10:44:27 [notice] 3629: master process /mnt/hgfs/LinuxLearning/pointServer/build/bin/nginx 3629 【master进程】启动并开始运行......!
2025/06/25 10:44:27 [notice] 3631: mirror process 3631 【mirrorwork进程】启动并开始运行......!
2025/06/25 10:44:27 [notice] 3632: result process 3632 【resultwork进程】启动并开始运行......!
2025/06/25 10:44:27 [notice] 3640: persult process 3640 【persistwork进程】启动并开始运行......!
2025/06/25 10:44:28 [notice] 3630: network process 3630 【network进程】启动并开始运行......!
2025/06/25 10:44:39 [info] 3762: 监听8080端口成功!
2025/06/25 10:44:39 [notice] 3763: master process /mnt/hgfs/LinuxLearning/pointServer/build/bin/nginx 3763 【master进程】启动并开始运行......!
2025/06/25 10:44:39 [notice] 3765: mirror process 3765 【mirrorwork进程】启动并开始运行......!
2025/06/25 10:44:39 [notice] 3791: persult process 3791 【persistwork进程】启动并开始运行......!
2025/06/25 10:44:39 [notice] 3767: result process 3767 【resultwork进程】启动并开始运行......!
2025/06/25 10:49:51 [info] 4147: 监听8080端口成功!
2025/06/25 10:49:51 [notice] 4148: master process ./nginx 4148 【master进程】启动并开始运行......!
2025/06/25 10:49:51 [notice] 4150: mirror process 4150 【mirrorwork进程】启动并开始运行......!
2025/06/25 10:49:51 [notice] 4151: result process 4151 【resultwork进程】启动并开始运行......!
2025/06/25 10:49:51 [notice] 4154: persult process 4154 【persistwork进程】启动并开始运行......!
2025/06/25 10:49:52 [notice] 4149: network process 4149 【network进程】启动并开始运行......!
2025/06/25 10:53:26 [info] 4530: 监听8080端口成功!
2025/06/25 10:53:26 [notice] 4531: master process ./nginx 4531 【master进程】启动并开始运行......!
2025/06/25 10:53:26 [notice] 4533: mirror process 4533 【mirrorwork进程】启动并开始运行......!
2025/06/25 10:53:26 [notice] 4534: result process 4534 【resultwork进程】启动并开始运行......!
2025/06/25 10:53:26 [notice] 4541: persult process 4541 【persistwork进程】启动并开始运行......!
2025/06/25 10:53:27 [notice] 4532: network process 4532 【network进程】启动并开始运行......!
2025/06/25 11:14:57 [info] 4962: 监听8080端口成功!
2025/06/25 11:14:57 [notice] 4963: master process ./nginx 4963 【master进程】启动并开始运行......!
2025/06/25 11:14:57 [notice] 4967: persult process 4967 【persistwork进程】启动并开始运行......!
2025/06/25 11:14:57 [notice] 4965: mirror process 4965 【mirrorwork进程】启动并开始运行......!
2025/06/25 11:14:57 [notice] 4966: result process 4966 【resultwork进程】启动并开始运行......!
2025/06/25 11:14:58 [notice] 4964: network process 4964 【network进程】启动并开始运行......!
2025/06/25 11:24:27 [info] 5349: 监听8080端口成功!
2025/06/25 11:24:27 [notice] 5350: master process ./nginx 5350 【master进程】启动并开始运行......!
2025/06/25 11:24:27 [notice] 5352: mirror process 5352 【mirrorwork进程】启动并开始运行......!
2025/06/25 11:24:27 [notice] 5353: result process 5353 【resultwork进程】启动并开始运行......!
2025/06/25 11:24:27 [notice] 5354: persult process 5354 【persistwork进程】启动并开始运行......!
2025/06/25 11:24:28 [notice] 5351: network process 5351 【network进程】启动并开始运行......!
2025/06/25 11:26:23 [stderr] 5351: nginx: ------------------------------------begin--------------------------------------
2025/06/25 11:26:24 [stderr] 5351: nginx: 当前在线人数/总人数(1/2048)。
2025/06/25 11:26:24 [stderr] 5351: nginx: 连接池中空闲连接/总连接/要释放的连接(2046/2048/0)。
2025/06/25 11:26:24 [stderr] 5351: nginx: 当前时间队列大小(1)。
2025/06/25 11:26:24 [stderr] 5351: nginx: 当前收消息队列/发消息队列大小分别为(0/0)，丢弃的待发送数据包数量为0。
2025/06/25 11:26:24 [stderr] 5351: nginx: -------------------------------------end---------------------------------------
2025/06/25 11:26:24 [stderr] 5351: nginx: CLogicSocket::threadRecvProcFunc()中imsgCode=1!
2025/06/25 11:26:24 [info] 5351: 成功写入队列
2025/06/25 11:26:24 [stderr] 5350: nginx: 数据转移成功
2025/06/25 11:26:25 [stderr] 5352: nginx: 解压成功.
2025/06/25 11:26:27 [stderr] 5352: nginx: 镜像ICP点云压缩成功!
2025/06/25 11:26:27 [stderr] 5352: nginx: 线程id:-2032466176
2025/06/25 11:26:27 [stderr] 5350: nginx: 第二次数据转移成功
2025/06/25 11:26:27 [stderr] 5353: nginx: 解压成功.
2025/06/25 11:26:27 [stderr] 5353: nginx: 解压成功.
2025/06/25 11:26:27 [stderr] 5353: nginx: Starting asymmetry calculation with16480points
2025/06/25 11:26:31 [stderr] 5353: nginx: Asymmetry calculation complete. Average minimum distance:3
2025/06/25 11:26:31 [stderr] 5353: nginx: socket fd = 6
2025/06/25 11:26:31 [stderr] 5353: nginx: 线程id:-2024073472
2025/06/25 11:26:31 [stderr] 5350: nginx: 第三次数据转移成功
2025/06/25 11:26:31 [stderr] 5354: nginx: 不对称度为：3
2025/06/25 11:26:31 [stderr] 5351: nginx: Invalid fd: 6
2025/06/25 11:26:31 [stderr] 5350: nginx: 第三次数据转移成功
2025/06/25 11:27:01 [stderr] 5351: nginx: ------------------------------------begin--------------------------------------
2025/06/25 11:27:01 [stderr] 5351: nginx: 当前在线人数/总人数(0/2048)。
2025/06/25 11:27:01 [stderr] 5351: nginx: 连接池中空闲连接/总连接/要释放的连接(2046/2048/1)。
2025/06/25 11:27:01 [stderr] 5351: nginx: 当前时间队列大小(0)。
2025/06/25 11:27:01 [stderr] 5351: nginx: 当前收消息队列/发消息队列大小分别为(0/0)，丢弃的待发送数据包数量为0。
2025/06/25 11:27:01 [stderr] 5351: nginx: -------------------------------------end---------------------------------------
2025/06/25 11:33:23 [info] 5741: 监听8080端口成功!
2025/06/25 11:33:23 [notice] 5742: master process ./nginx 5742 【master进程】启动并开始运行......!
2025/06/25 11:33:23 [notice] 5744: mirror process 5744 【mirrorwork进程】启动并开始运行......!
2025/06/25 11:33:23 [notice] 5745: result process 5745 【resultwork进程】启动并开始运行......!
2025/06/25 11:33:23 [notice] 5747: persult process 5747 【persistwork进程】启动并开始运行......!
2025/06/25 11:33:25 [notice] 5743: network process 5743 【network进程】启动并开始运行......!
2025/06/25 11:33:43 [stderr] 5743: nginx: ------------------------------------begin--------------------------------------
2025/06/25 11:33:43 [stderr] 5743: nginx: 当前在线人数/总人数(1/2048)。
2025/06/25 11:33:43 [stderr] 5743: nginx: 连接池中空闲连接/总连接/要释放的连接(2046/2048/0)。
2025/06/25 11:33:43 [stderr] 5743: nginx: 当前时间队列大小(1)。
2025/06/25 11:33:43 [stderr] 5743: nginx: 当前收消息队列/发消息队列大小分别为(0/0)，丢弃的待发送数据包数量为0。
2025/06/25 11:33:43 [stderr] 5743: nginx: -------------------------------------end---------------------------------------
2025/06/25 11:33:43 [stderr] 5743: nginx: CLogicSocket::threadRecvProcFunc()中imsgCode=1!
2025/06/25 11:33:43 [info] 5743: 成功写入队列
2025/06/25 11:33:43 [stderr] 5742: nginx: 数据转移成功
2025/06/25 11:33:43 [stderr] 5744: nginx: 解压成功.
2025/06/25 11:33:45 [stderr] 5744: nginx: 镜像ICP点云压缩成功!
2025/06/25 11:33:45 [stderr] 5744: nginx: 线程id:1519380224
2025/06/25 11:33:45 [stderr] 5742: nginx: 第二次数据转移成功
2025/06/25 11:33:45 [stderr] 5745: nginx: 解压成功.
2025/06/25 11:33:45 [stderr] 5745: nginx: 解压成功.
2025/06/25 11:33:45 [stderr] 5745: nginx: Starting asymmetry calculation with16480points
2025/06/25 11:33:49 [stderr] 5745: nginx: Asymmetry calculation complete. Average minimum distance:3
2025/06/25 11:33:49 [stderr] 5745: nginx: socket fd = 6
2025/06/25 11:33:49 [stderr] 5745: nginx: 线程id:1527772928
2025/06/25 11:33:49 [stderr] 5742: nginx: 第三次数据转移成功
2025/06/25 11:33:49 [stderr] 5742: nginx: 第三次数据转移成功
2025/06/25 11:33:49 [stderr] 5743: nginx: p_Conn fd: 6
2025/06/25 11:33:49 [stderr] 5747: nginx: 不对称度为：3
2025/06/25 11:33:49 [stderr] 5743: nginx: 成功写入发送队列
2025/06/25 11:34:00 [stderr] 5743: nginx: ------------------------------------begin--------------------------------------
2025/06/25 11:34:00 [stderr] 5743: nginx: 当前在线人数/总人数(0/2048)。
2025/06/25 11:34:00 [stderr] 5743: nginx: 连接池中空闲连接/总连接/要释放的连接(2046/2048/1)。
2025/06/25 11:34:00 [stderr] 5743: nginx: 当前时间队列大小(0)。
2025/06/25 11:34:00 [stderr] 5743: nginx: 当前收消息队列/发消息队列大小分别为(0/0)，丢弃的待发送数据包数量为0。
2025/06/25 11:34:00 [stderr] 5743: nginx: -------------------------------------end---------------------------------------
2025/06/25 11:34:31 [info] 5880: 监听8080端口成功!
2025/06/25 11:34:31 [notice] 5881: master process ./nginx 5881 【master进程】启动并开始运行......!
2025/06/25 11:34:32 [notice] 5885: persult process 5885 【persistwork进程】启动并开始运行......!
2025/06/25 11:34:32 [notice] 5883: mirror process 5883 【mirrorwork进程】启动并开始运行......!
2025/06/25 11:34:32 [notice] 5884: result process 5884 【resultwork进程】启动并开始运行......!
2025/06/25 11:34:33 [notice] 5882: network process 5882 【network进程】启动并开始运行......!
2025/06/25 11:34:36 [stderr] 5882: nginx: ------------------------------------begin--------------------------------------
2025/06/25 11:34:36 [stderr] 5882: nginx: 当前在线人数/总人数(1/2048)。
2025/06/25 11:34:36 [stderr] 5882: nginx: 连接池中空闲连接/总连接/要释放的连接(2046/2048/0)。
2025/06/25 11:34:36 [stderr] 5882: nginx: 当前时间队列大小(1)。
2025/06/25 11:34:36 [stderr] 5882: nginx: 当前收消息队列/发消息队列大小分别为(0/0)，丢弃的待发送数据包数量为0。
2025/06/25 11:34:36 [stderr] 5882: nginx: -------------------------------------end---------------------------------------
2025/06/25 11:34:36 [stderr] 5882: nginx: CLogicSocket::threadRecvProcFunc()中imsgCode=1!
2025/06/25 11:34:36 [info] 5882: 成功写入队列
2025/06/25 11:34:37 [stderr] 5881: nginx: 数据转移成功
2025/06/25 11:34:37 [stderr] 5883: nginx: 解压成功.
2025/06/25 11:34:38 [stderr] 5883: nginx: 镜像ICP点云压缩成功!
2025/06/25 11:34:38 [stderr] 5883: nginx: 线程id:1643943680
2025/06/25 11:34:38 [stderr] 5881: nginx: 第二次数据转移成功
2025/06/25 11:34:38 [stderr] 5884: nginx: 解压成功.
2025/06/25 11:34:38 [stderr] 5884: nginx: 解压成功.
2025/06/25 11:34:38 [stderr] 5884: nginx: Starting asymmetry calculation with16480points
2025/06/25 11:34:41 [stderr] 5884: nginx: Asymmetry calculation complete. Average minimum distance:3
2025/06/25 11:34:41 [stderr] 5884: nginx: socket fd = 6
2025/06/25 11:34:41 [stderr] 5884: nginx: 线程id:1635550976
2025/06/25 11:34:41 [stderr] 5881: nginx: 第三次数据转移成功
2025/06/25 11:34:41 [stderr] 5882: nginx: p_Conn fd: 6
2025/06/25 11:34:41 [stderr] 5882: nginx: 成功写入发送队列
2025/06/25 11:34:41 [stderr] 5881: nginx: 第三次数据转移成功
2025/06/25 11:34:41 [stderr] 5885: nginx: 不对称度为：3
2025/06/25 11:34:53 [stderr] 5882: nginx: ------------------------------------begin--------------------------------------
2025/06/25 11:34:53 [stderr] 5882: nginx: 当前在线人数/总人数(0/2048)。
2025/06/25 11:34:53 [stderr] 5882: nginx: 连接池中空闲连接/总连接/要释放的连接(2046/2048/1)。
2025/06/25 11:34:53 [stderr] 5882: nginx: 当前时间队列大小(0)。
2025/06/25 11:34:53 [stderr] 5882: nginx: 当前收消息队列/发消息队列大小分别为(0/0)，丢弃的待发送数据包数量为0。
2025/06/25 11:34:53 [stderr] 5882: nginx: -------------------------------------end---------------------------------------
2025/06/25 11:35:00 [stderr] 5882: nginx: CLogicSocket::threadRecvProcFunc()中imsgCode=1!
2025/06/25 11:35:00 [info] 5882: 成功写入队列
2025/06/25 11:35:00 [stderr] 5881: nginx: 数据转移成功
2025/06/25 11:35:00 [stderr] 5883: nginx: 解压成功.
2025/06/25 11:35:01 [stderr] 5883: nginx: 镜像ICP点云压缩成功!
2025/06/25 11:35:01 [stderr] 5883: nginx: 线程id:1643943680
2025/06/25 11:35:01 [stderr] 5881: nginx: 第二次数据转移成功
2025/06/25 11:35:01 [stderr] 5884: nginx: 解压成功.
2025/06/25 11:35:01 [stderr] 5884: nginx: 解压成功.
2025/06/25 11:35:01 [stderr] 5884: nginx: Starting asymmetry calculation with16480points
2025/06/25 11:35:04 [stderr] 5884: nginx: Asymmetry calculation complete. Average minimum distance:3
2025/06/25 11:35:04 [stderr] 5884: nginx: socket fd = 6
2025/06/25 11:35:04 [stderr] 5884: nginx: 线程id:1635550976
2025/06/25 11:35:04 [stderr] 5881: nginx: 第三次数据转移成功
2025/06/25 11:35:04 [stderr] 5881: nginx: 第三次数据转移成功
2025/06/25 11:35:04 [stderr] 5882: nginx: p_Conn fd: 6
2025/06/25 11:35:04 [stderr] 5882: nginx: 成功写入发送队列
2025/06/25 11:35:04 [stderr] 5885: nginx: 不对称度为：3
2025/06/25 11:35:17 [stderr] 5882: nginx: ------------------------------------begin--------------------------------------
2025/06/25 11:35:17 [stderr] 5882: nginx: 当前在线人数/总人数(0/2048)。
2025/06/25 11:35:17 [stderr] 5882: nginx: 连接池中空闲连接/总连接/要释放的连接(2045/2048/2)。
2025/06/25 11:35:17 [stderr] 5882: nginx: 当前时间队列大小(0)。
2025/06/25 11:35:17 [stderr] 5882: nginx: 当前收消息队列/发消息队列大小分别为(0/0)，丢弃的待发送数据包数量为0。
2025/06/25 11:35:17 [stderr] 5882: nginx: -------------------------------------end---------------------------------------
2025/06/25 11:35:21 [stderr] 5882: nginx: CLogicSocket::threadRecvProcFunc()中imsgCode=1!
2025/06/25 11:35:21 [info] 5882: 成功写入队列
2025/06/25 11:35:21 [stderr] 5881: nginx: 数据转移成功
2025/06/25 11:35:21 [stderr] 5883: nginx: 解压成功.
2025/06/25 11:35:22 [stderr] 5883: nginx: 镜像ICP点云压缩成功!
2025/06/25 11:35:22 [stderr] 5883: nginx: 线程id:1635550976
2025/06/25 11:35:22 [stderr] 5881: nginx: 第二次数据转移成功
2025/06/25 11:35:23 [stderr] 5884: nginx: 解压成功.
2025/06/25 11:35:23 [stderr] 5884: nginx: 解压成功.
2025/06/25 11:35:23 [stderr] 5884: nginx: Starting asymmetry calculation with16480points
2025/06/25 11:35:26 [stderr] 5884: nginx: Asymmetry calculation complete. Average minimum distance:3
2025/06/25 11:35:26 [stderr] 5884: nginx: socket fd = 6
2025/06/25 11:35:26 [stderr] 5884: nginx: 线程id:1643943680
2025/06/25 11:35:26 [stderr] 5881: nginx: 第三次数据转移成功
2025/06/25 11:35:26 [stderr] 5881: nginx: 第三次数据转移成功
2025/06/25 11:35:26 [stderr] 5882: nginx: p_Conn fd: 6
2025/06/25 11:35:26 [stderr] 5882: nginx: 成功写入发送队列
2025/06/25 11:35:26 [stderr] 5885: nginx: 不对称度为：3
2025/06/25 11:35:29 [stderr] 5882: nginx: ------------------------------------begin--------------------------------------
2025/06/25 11:35:29 [stderr] 5882: nginx: 当前在线人数/总人数(0/2048)。
2025/06/25 11:35:29 [stderr] 5882: nginx: 连接池中空闲连接/总连接/要释放的连接(2044/2048/3)。
2025/06/25 11:35:29 [stderr] 5882: nginx: 当前时间队列大小(0)。
2025/06/25 11:35:29 [stderr] 5882: nginx: 当前收消息队列/发消息队列大小分别为(0/0)，丢弃的待发送数据包数量为0。
2025/06/25 11:35:29 [stderr] 5882: nginx: -------------------------------------end---------------------------------------
2025/06/25 20:00:15 [info] 1342: 监听8080端口成功!
2025/06/25 20:00:15 [notice] 1343: master process ./nginx 1343 【master进程】启动并开始运行......!
2025/06/25 20:00:15 [notice] 1345: mirror process 1345 【mirrorwork进程】启动并开始运行......!
2025/06/25 20:00:15 [notice] 1346: result process 1346 【resultwork进程】启动并开始运行......!
2025/06/25 20:00:15 [notice] 1349: persult process 1349 【persistwork进程】启动并开始运行......!
2025/06/25 20:00:16 [notice] 1344: network process 1344 【network进程】启动并开始运行......!
2025/06/25 20:04:05 [stderr] 1344: nginx: ------------------------------------begin--------------------------------------
2025/06/25 20:04:05 [stderr] 1344: nginx: 当前在线人数/总人数(1/2048)。
2025/06/25 20:04:05 [stderr] 1344: nginx: 连接池中空闲连接/总连接/要释放的连接(2046/2048/0)。
2025/06/25 20:04:05 [stderr] 1344: nginx: 当前时间队列大小(1)。
2025/06/25 20:04:05 [stderr] 1344: nginx: 当前收消息队列/发消息队列大小分别为(0/0)，丢弃的待发送数据包数量为0。
2025/06/25 20:04:05 [stderr] 1344: nginx: -------------------------------------end---------------------------------------
2025/06/25 20:04:05 [stderr] 1344: nginx: CLogicSocket::threadRecvProcFunc()中imsgCode=1!
2025/06/25 20:04:05 [info] 1344: 成功写入队列
2025/06/25 20:04:05 [stderr] 1343: nginx: 数据转移成功
2025/06/25 20:04:05 [stderr] 1345: nginx: 解压成功.
2025/06/25 20:04:06 [stderr] 1345: nginx: 镜像ICP点云压缩成功!
2025/06/25 20:04:06 [stderr] 1345: nginx: 线程id:-890386688
2025/06/25 20:04:06 [stderr] 1343: nginx: 第二次数据转移成功
2025/06/25 20:04:06 [stderr] 1346: nginx: 解压成功.
2025/06/25 20:04:06 [stderr] 1346: nginx: 解压成功.
2025/06/25 20:04:07 [stderr] 1346: nginx: Starting asymmetry calculation with16480points
2025/06/25 20:04:10 [stderr] 1346: nginx: Asymmetry calculation complete. Average minimum distance:3
2025/06/25 20:04:10 [stderr] 1346: nginx: socket fd = 6
2025/06/25 20:04:10 [stderr] 1346: nginx: 线程id:-898779392
2025/06/25 20:04:10 [stderr] 1343: nginx: 第三次数据转移成功
2025/06/25 20:04:10 [stderr] 1349: nginx: 不对称度为：3
2025/06/25 20:04:10 [stderr] 1343: nginx: 第三次数据转移成功
2025/06/25 20:04:10 [stderr] 1344: nginx: p_Conn fd: 6
2025/06/25 20:04:10 [stderr] 1344: nginx: 成功写入发送队列
2025/06/25 20:04:36 [stderr] 1344: nginx: ------------------------------------begin--------------------------------------
2025/06/25 20:04:36 [stderr] 1344: nginx: 当前在线人数/总人数(0/2048)。
2025/06/25 20:04:36 [stderr] 1344: nginx: 连接池中空闲连接/总连接/要释放的连接(2046/2048/1)。
2025/06/25 20:04:36 [stderr] 1344: nginx: 当前时间队列大小(0)。
2025/06/25 20:04:36 [stderr] 1344: nginx: 当前收消息队列/发消息队列大小分别为(0/0)，丢弃的待发送数据包数量为0。
2025/06/25 20:04:36 [stderr] 1344: nginx: -------------------------------------end---------------------------------------
2025/06/25 20:04:45 [stderr] 1344: nginx: CLogicSocket::threadRecvProcFunc()中imsgCode=1!
2025/06/25 20:04:45 [info] 1344: 成功写入队列
2025/06/25 20:04:45 [stderr] 1343: nginx: 数据转移成功
2025/06/25 20:04:45 [stderr] 1345: nginx: 解压成功.
2025/06/25 20:04:46 [stderr] 1345: nginx: 镜像ICP点云压缩成功!
2025/06/25 20:04:46 [stderr] 1345: nginx: 线程id:-890386688
2025/06/25 20:04:46 [stderr] 1343: nginx: 第二次数据转移成功
2025/06/25 20:04:46 [stderr] 1346: nginx: 解压成功.
2025/06/25 20:04:46 [stderr] 1346: nginx: 解压成功.
2025/06/25 20:04:47 [stderr] 1346: nginx: Starting asymmetry calculation with16480points
2025/06/25 20:04:50 [stderr] 1346: nginx: Asymmetry calculation complete. Average minimum distance:3
2025/06/25 20:04:50 [stderr] 1346: nginx: socket fd = 6
2025/06/25 20:04:50 [stderr] 1346: nginx: 线程id:-898779392
2025/06/25 20:04:50 [stderr] 1349: nginx: 不对称度为：3
2025/06/25 20:04:50 [stderr] 1343: nginx: 第三次数据转移成功
2025/06/25 20:04:50 [stderr] 1343: nginx: 第三次数据转移成功
2025/06/25 20:04:50 [stderr] 1344: nginx: p_Conn fd: 6
2025/06/25 20:04:50 [stderr] 1344: nginx: 成功写入发送队列
2025/06/25 20:05:02 [stderr] 1344: nginx: ------------------------------------begin--------------------------------------
2025/06/25 20:05:02 [stderr] 1344: nginx: 当前在线人数/总人数(0/2048)。
2025/06/25 20:05:02 [stderr] 1344: nginx: 连接池中空闲连接/总连接/要释放的连接(2045/2048/2)。
2025/06/25 20:05:02 [stderr] 1344: nginx: 当前时间队列大小(0)。
2025/06/25 20:05:02 [stderr] 1344: nginx: 当前收消息队列/发消息队列大小分别为(0/0)，丢弃的待发送数据包数量为0。
2025/06/25 20:05:02 [stderr] 1344: nginx: -------------------------------------end---------------------------------------
2025/06/25 20:11:20 [info] 1734: 监听8080端口成功!
2025/06/25 20:11:20 [notice] 1735: master process ./nginx 1735 【master进程】启动并开始运行......!
2025/06/25 20:11:20 [notice] 1737: mirror process 1737 【mirrorwork进程】启动并开始运行......!
2025/06/25 20:11:20 [notice] 1738: result process 1738 【resultwork进程】启动并开始运行......!
2025/06/25 20:11:20 [notice] 1739: persult process 1739 【persistwork进程】启动并开始运行......!
2025/06/25 20:11:21 [notice] 1736: network process 1736 【network进程】启动并开始运行......!
2025/06/25 20:11:33 [stderr] 1736: nginx: ------------------------------------begin--------------------------------------
2025/06/25 20:11:33 [stderr] 1736: nginx: 当前在线人数/总人数(1/2048)。
2025/06/25 20:11:33 [stderr] 1736: nginx: 连接池中空闲连接/总连接/要释放的连接(2046/2048/0)。
2025/06/25 20:11:33 [stderr] 1736: nginx: 当前时间队列大小(1)。
2025/06/25 20:11:33 [stderr] 1736: nginx: 当前收消息队列/发消息队列大小分别为(0/0)，丢弃的待发送数据包数量为0。
2025/06/25 20:11:33 [stderr] 1736: nginx: -------------------------------------end---------------------------------------
2025/06/25 20:11:33 [stderr] 1736: nginx: CLogicSocket::threadRecvProcFunc()中imsgCode=1!
2025/06/25 20:11:33 [info] 1736: 成功写入队列
2025/06/25 20:11:33 [stderr] 1735: nginx: 数据转移成功
2025/06/25 20:11:33 [stderr] 1737: nginx: 解压成功.
2025/06/25 20:11:34 [stderr] 1737: nginx: 镜像ICP点云压缩成功!
2025/06/25 20:11:34 [stderr] 1737: nginx: 线程id:611870464
2025/06/25 20:11:34 [stderr] 1735: nginx: 第二次数据转移成功
2025/06/25 20:11:34 [stderr] 1738: nginx: 解压成功.
2025/06/25 20:11:34 [stderr] 1738: nginx: 解压成功.
2025/06/25 20:11:34 [stderr] 1738: nginx: Starting asymmetry calculation with16480points
2025/06/25 20:11:37 [stderr] 1738: nginx: Asymmetry calculation complete. Average minimum distance:3
2025/06/25 20:11:37 [stderr] 1738: nginx: socket fd = 6
2025/06/25 20:11:37 [stderr] 1735: nginx: 第三次数据转移成功
2025/06/25 20:11:37 [stderr] 1735: nginx: 第三次数据转移成功
2025/06/25 20:11:37 [stderr] 1738: nginx: 线程id:611870464
2025/06/25 20:11:37 [stderr] 1736: nginx: p_Conn fd: 6
2025/06/25 20:11:37 [stderr] 1736: nginx: 成功写入m_MsgSendQueue
2025/06/25 20:11:37 [stderr] 1736: nginx: 成功写入发送队列
2025/06/25 20:11:37 [stderr] 1739: nginx: 不对称度为：3
2025/06/25 20:12:10 [stderr] 1736: nginx: ------------------------------------begin--------------------------------------
2025/06/25 20:12:10 [stderr] 1736: nginx: 当前在线人数/总人数(0/2048)。
2025/06/25 20:12:10 [stderr] 1736: nginx: 连接池中空闲连接/总连接/要释放的连接(2046/2048/1)。
2025/06/25 20:12:10 [stderr] 1736: nginx: 当前时间队列大小(0)。
2025/06/25 20:12:10 [stderr] 1736: nginx: 当前收消息队列/发消息队列大小分别为(0/0)，丢弃的待发送数据包数量为0。
2025/06/25 20:12:10 [stderr] 1736: nginx: -------------------------------------end---------------------------------------
2025/06/25 20:23:25 [info] 2125: 监听8080端口成功!
2025/06/25 20:23:25 [notice] 2126: master process ./nginx 2126 【master进程】启动并开始运行......!
2025/06/25 20:23:25 [notice] 2128: mirror process 2128 【mirrorwork进程】启动并开始运行......!
2025/06/25 20:23:25 [notice] 2129: result process 2129 【resultwork进程】启动并开始运行......!
2025/06/25 20:23:25 [notice] 2131: persult process 2131 【persistwork进程】启动并开始运行......!
2025/06/25 20:23:27 [notice] 2127: network process 2127 【network进程】启动并开始运行......!
2025/06/25 20:23:35 [stderr] 2127: nginx: ------------------------------------begin--------------------------------------
2025/06/25 20:23:35 [stderr] 2127: nginx: 当前在线人数/总人数(1/2048)。
2025/06/25 20:23:35 [stderr] 2127: nginx: 连接池中空闲连接/总连接/要释放的连接(2046/2048/0)。
2025/06/25 20:23:35 [stderr] 2127: nginx: 当前时间队列大小(1)。
2025/06/25 20:23:35 [stderr] 2127: nginx: 当前收消息队列/发消息队列大小分别为(0/0)，丢弃的待发送数据包数量为0。
2025/06/25 20:23:35 [stderr] 2127: nginx: -------------------------------------end---------------------------------------
2025/06/25 20:23:35 [stderr] 2127: nginx: CLogicSocket::threadRecvProcFunc()中imsgCode=1!
2025/06/25 20:23:35 [info] 2127: 成功写入队列
2025/06/25 20:23:35 [stderr] 2126: nginx: 数据转移成功
2025/06/25 20:23:35 [stderr] 2128: nginx: 解压成功.
2025/06/25 20:23:36 [stderr] 2128: nginx: 镜像ICP点云压缩成功!
2025/06/25 20:23:36 [stderr] 2128: nginx: 线程id:82065152
2025/06/25 20:23:36 [stderr] 2126: nginx: 第二次数据转移成功
2025/06/25 20:23:36 [stderr] 2129: nginx: 解压成功.
2025/06/25 20:23:36 [stderr] 2129: nginx: 解压成功.
2025/06/25 20:23:36 [stderr] 2129: nginx: Starting asymmetry calculation with16480points
2025/06/25 20:23:39 [stderr] 2129: nginx: Asymmetry calculation complete. Average minimum distance:3
2025/06/25 20:23:39 [stderr] 2129: nginx: socket fd = 6
2025/06/25 20:23:39 [stderr] 2129: nginx: 线程id:90457856
2025/06/25 20:23:39 [stderr] 2126: nginx: 第三次数据转移成功
2025/06/25 20:23:39 [stderr] 2126: nginx: 第三次数据转移成功
2025/06/25 20:23:39 [stderr] 2127: nginx: Invalid connection for fd: 6
2025/06/25 20:23:39 [stderr] 2131: nginx: 不对称度为：3
2025/06/25 20:23:57 [stderr] 2127: nginx: ------------------------------------begin--------------------------------------
2025/06/25 20:23:57 [stderr] 2127: nginx: 当前在线人数/总人数(1/2048)。
2025/06/25 20:23:57 [stderr] 2127: nginx: 连接池中空闲连接/总连接/要释放的连接(2045/2048/1)。
2025/06/25 20:23:57 [stderr] 2127: nginx: 当前时间队列大小(1)。
2025/06/25 20:23:57 [stderr] 2127: nginx: 当前收消息队列/发消息队列大小分别为(0/0)，丢弃的待发送数据包数量为0。
2025/06/25 20:23:57 [stderr] 2127: nginx: -------------------------------------end---------------------------------------
2025/06/25 20:23:57 [stderr] 2127: nginx: CLogicSocket::threadRecvProcFunc()中imsgCode=1!
2025/06/25 20:23:57 [info] 2127: 成功写入队列
2025/06/25 20:23:57 [stderr] 2126: nginx: 数据转移成功
2025/06/25 20:23:57 [stderr] 2128: nginx: 解压成功.
2025/06/25 20:23:59 [stderr] 2128: nginx: 镜像ICP点云压缩成功!
2025/06/25 20:23:59 [stderr] 2126: nginx: 第二次数据转移成功
2025/06/25 20:23:59 [stderr] 2128: nginx: 线程id:90457856
2025/06/25 20:23:59 [stderr] 2129: nginx: 解压成功.
2025/06/25 20:23:59 [stderr] 2129: nginx: 解压成功.
2025/06/25 20:23:59 [stderr] 2129: nginx: Starting asymmetry calculation with16480points
2025/06/25 20:24:03 [stderr] 2129: nginx: Asymmetry calculation complete. Average minimum distance:3
2025/06/25 20:24:03 [stderr] 2129: nginx: socket fd = 6
2025/06/25 20:24:03 [stderr] 2129: nginx: 线程id:90457856
2025/06/25 20:24:03 [stderr] 2126: nginx: 第三次数据转移成功
2025/06/25 20:24:03 [stderr] 2126: nginx: 第三次数据转移成功
2025/06/25 20:24:03 [stderr] 2127: nginx: p_Conn fd: 6
2025/06/25 20:24:03 [stderr] 2127: nginx: 要发送数据的大小为：42
2025/06/25 20:24:03 [stderr] 2127: nginx: fd:6
2025/06/25 20:24:03 [stderr] 2127: nginx: 成功写入m_MsgSendQueue
2025/06/25 20:24:03 [stderr] 2127: nginx: 成功写入发送队列
2025/06/25 20:24:03 [stderr] 2131: nginx: 不对称度为：3
2025/06/25 20:24:43 [stderr] 2127: nginx: ------------------------------------begin--------------------------------------
2025/06/25 20:24:43 [stderr] 2127: nginx: 当前在线人数/总人数(0/2048)。
2025/06/25 20:24:43 [stderr] 2127: nginx: 连接池中空闲连接/总连接/要释放的连接(2045/2048/2)。
2025/06/25 20:24:43 [stderr] 2127: nginx: 当前时间队列大小(0)。
2025/06/25 20:24:43 [stderr] 2127: nginx: 当前收消息队列/发消息队列大小分别为(0/0)，丢弃的待发送数据包数量为0。
2025/06/25 20:24:43 [stderr] 2127: nginx: -------------------------------------end---------------------------------------
2025/06/25 20:24:47 [stderr] 2127: nginx: CLogicSocket::threadRecvProcFunc()中imsgCode=1!
2025/06/25 20:24:47 [info] 2127: 成功写入队列
2025/06/25 20:24:47 [stderr] 2126: nginx: 数据转移成功
2025/06/25 20:24:47 [stderr] 2128: nginx: 解压成功.
2025/06/25 20:24:49 [stderr] 2128: nginx: 镜像ICP点云压缩成功!
2025/06/25 20:24:49 [stderr] 2128: nginx: 线程id:90457856
2025/06/25 20:24:49 [stderr] 2126: nginx: 第二次数据转移成功
2025/06/25 20:24:49 [stderr] 2129: nginx: 解压成功.
2025/06/25 20:24:49 [stderr] 2129: nginx: 解压成功.
2025/06/25 20:24:49 [stderr] 2129: nginx: Starting asymmetry calculation with16480points
2025/06/25 20:24:52 [stderr] 2129: nginx: Asymmetry calculation complete. Average minimum distance:3
2025/06/25 20:24:52 [stderr] 2129: nginx: socket fd = 6
2025/06/25 20:24:52 [stderr] 2129: nginx: 线程id:82065152
2025/06/25 20:24:52 [stderr] 2126: nginx: 第三次数据转移成功
2025/06/25 20:24:52 [stderr] 2126: nginx: 第三次数据转移成功
2025/06/25 20:24:52 [stderr] 2127: nginx: p_Conn fd: 6
2025/06/25 20:24:52 [stderr] 2127: nginx: 要发送数据的大小为：42
2025/06/25 20:24:52 [stderr] 2127: nginx: fd:6
2025/06/25 20:24:52 [stderr] 2127: nginx: 成功写入m_MsgSendQueue
2025/06/25 20:24:52 [stderr] 2127: nginx: 成功写入发送队列
2025/06/25 20:24:52 [stderr] 2131: nginx: 不对称度为：3
2025/06/25 20:25:04 [stderr] 2127: nginx: ------------------------------------begin--------------------------------------
2025/06/25 20:25:04 [stderr] 2127: nginx: 当前在线人数/总人数(0/2048)。
2025/06/25 20:25:04 [stderr] 2127: nginx: 连接池中空闲连接/总连接/要释放的连接(2044/2048/3)。
2025/06/25 20:25:04 [stderr] 2127: nginx: 当前时间队列大小(0)。
2025/06/25 20:25:04 [stderr] 2127: nginx: 当前收消息队列/发消息队列大小分别为(0/0)，丢弃的待发送数据包数量为0。
2025/06/25 20:25:04 [stderr] 2127: nginx: -------------------------------------end---------------------------------------
2025/06/25 20:25:26 [stderr] 2127: nginx: ------------------------------------begin--------------------------------------
2025/06/25 20:25:26 [stderr] 2127: nginx: 当前在线人数/总人数(1/2048)。
2025/06/25 20:25:26 [stderr] 2127: nginx: 连接池中空闲连接/总连接/要释放的连接(2043/2048/3)。
2025/06/25 20:25:26 [stderr] 2127: nginx: 当前时间队列大小(1)。
2025/06/25 20:25:26 [stderr] 2127: nginx: 当前收消息队列/发消息队列大小分别为(0/0)，丢弃的待发送数据包数量为0。
2025/06/25 20:25:26 [stderr] 2127: nginx: -------------------------------------end---------------------------------------
2025/06/25 20:25:26 [stderr] 2127: nginx: CLogicSocket::threadRecvProcFunc()中imsgCode=1!
2025/06/25 20:25:26 [info] 2127: 成功写入队列
2025/06/25 20:25:26 [stderr] 2126: nginx: 数据转移成功
2025/06/25 20:25:26 [stderr] 2128: nginx: 解压成功.
2025/06/25 20:25:28 [stderr] 2128: nginx: 镜像ICP点云压缩成功!
2025/06/25 20:25:28 [stderr] 2128: nginx: 线程id:90457856
2025/06/25 20:25:28 [stderr] 2126: nginx: 第二次数据转移成功
2025/06/25 20:25:28 [stderr] 2129: nginx: 解压成功.
2025/06/25 20:25:28 [stderr] 2129: nginx: 解压成功.
2025/06/25 20:25:28 [stderr] 2129: nginx: Starting asymmetry calculation with16480points
2025/06/25 20:25:31 [stderr] 2129: nginx: Asymmetry calculation complete. Average minimum distance:3
2025/06/25 20:25:31 [stderr] 2129: nginx: socket fd = 6
2025/06/25 20:25:31 [stderr] 2129: nginx: 线程id:82065152
2025/06/25 20:25:31 [stderr] 2127: nginx: p_Conn fd: 6
2025/06/25 20:25:31 [stderr] 2126: nginx: 第三次数据转移成功
2025/06/25 20:25:31 [stderr] 2127: nginx: 要发送数据的大小为：42
2025/06/25 20:25:31 [stderr] 2127: nginx: fd:6
2025/06/25 20:25:31 [stderr] 2127: nginx: 成功写入m_MsgSendQueue
2025/06/25 20:25:31 [stderr] 2127: nginx: 成功写入发送队列
2025/06/25 20:25:31 [stderr] 2126: nginx: 第三次数据转移成功
2025/06/25 20:25:31 [stderr] 2131: nginx: 不对称度为：3
2025/06/25 20:32:18 [info] 2514: 监听8080端口成功!
2025/06/25 20:32:18 [notice] 2515: master process ./nginx 2515 【master进程】启动并开始运行......!
2025/06/25 20:32:18 [notice] 2517: mirror process 2517 【mirrorwork进程】启动并开始运行......!
2025/06/25 20:32:18 [notice] 2518: result process 2518 【resultwork进程】启动并开始运行......!
2025/06/25 20:32:18 [notice] 2521: persult process 2521 【persistwork进程】启动并开始运行......!
2025/06/25 20:32:19 [notice] 2516: network process 2516 【network进程】启动并开始运行......!
2025/06/25 20:32:28 [stderr] 2516: nginx: ------------------------------------begin--------------------------------------
2025/06/25 20:32:28 [stderr] 2516: nginx: 当前在线人数/总人数(1/2048)。
2025/06/25 20:32:28 [stderr] 2516: nginx: 连接池中空闲连接/总连接/要释放的连接(2046/2048/0)。
2025/06/25 20:32:28 [stderr] 2516: nginx: 当前时间队列大小(1)。
2025/06/25 20:32:28 [stderr] 2516: nginx: 当前收消息队列/发消息队列大小分别为(0/0)，丢弃的待发送数据包数量为0。
2025/06/25 20:32:28 [stderr] 2516: nginx: -------------------------------------end---------------------------------------
2025/06/25 20:32:28 [stderr] 2516: nginx: CLogicSocket::threadRecvProcFunc()中imsgCode=1!
2025/06/25 20:32:28 [info] 2516: 成功写入队列
2025/06/25 20:32:28 [stderr] 2515: nginx: 数据转移成功
2025/06/25 20:32:28 [stderr] 2517: nginx: 解压成功.
2025/06/25 20:32:30 [stderr] 2517: nginx: 镜像ICP点云压缩成功!
2025/06/25 20:32:30 [stderr] 2517: nginx: 线程id:1096050432
2025/06/25 20:32:30 [stderr] 2515: nginx: 第二次数据转移成功
2025/06/25 20:32:30 [stderr] 2518: nginx: 解压成功.
2025/06/25 20:32:30 [stderr] 2518: nginx: 解压成功.
2025/06/25 20:32:30 [stderr] 2518: nginx: Starting asymmetry calculation with16480points
2025/06/25 20:32:33 [stderr] 2518: nginx: Asymmetry calculation complete. Average minimum distance:3
2025/06/25 20:32:33 [stderr] 2518: nginx: socket fd = 6
2025/06/25 20:32:33 [stderr] 2515: nginx: 第三次数据转移成功
2025/06/25 20:32:33 [stderr] 2516: nginx: p_Conn fd: 6
2025/06/25 20:32:33 [stderr] 2516: nginx: 要发送数据的大小为：42
2025/06/25 20:32:33 [stderr] 2516: nginx: fd:6
2025/06/25 20:32:33 [stderr] 2516: nginx: m_MsgSendQueue的大小：1
2025/06/25 20:32:33 [stderr] 2516: nginx: 成功写入m_MsgSendQueue
2025/06/25 20:32:33 [stderr] 2516: nginx: 成功写入发送队列
2025/06/25 20:32:33 [stderr] 2518: nginx: 线程id:1104443136
2025/06/25 20:32:33 [stderr] 2515: nginx: 第三次数据转移成功
2025/06/25 20:32:33 [stderr] 2521: nginx: 不对称度为：3
2025/06/25 20:32:44 [stderr] 2516: nginx: ------------------------------------begin--------------------------------------
2025/06/25 20:32:44 [stderr] 2516: nginx: 当前在线人数/总人数(0/2048)。
2025/06/25 20:32:44 [stderr] 2516: nginx: 连接池中空闲连接/总连接/要释放的连接(2046/2048/1)。
2025/06/25 20:32:44 [stderr] 2516: nginx: 当前时间队列大小(0)。
2025/06/25 20:32:44 [stderr] 2516: nginx: 当前收消息队列/发消息队列大小分别为(0/0)，丢弃的待发送数据包数量为0。
2025/06/25 20:32:44 [stderr] 2516: nginx: -------------------------------------end---------------------------------------
2025/06/25 20:45:40 [info] 2903: 监听8080端口成功!
2025/06/25 20:45:40 [notice] 2904: master process ./nginx 2904 【master进程】启动并开始运行......!
2025/06/25 20:45:40 [notice] 2906: mirror process 2906 【mirrorwork进程】启动并开始运行......!
2025/06/25 20:45:40 [notice] 2907: result process 2907 【resultwork进程】启动并开始运行......!
2025/06/25 20:45:40 [notice] 2908: persult process 2908 【persistwork进程】启动并开始运行......!
2025/06/25 20:45:41 [notice] 2905: network process 2905 【network进程】启动并开始运行......!
2025/06/25 20:45:41 [stderr] 2905: nginx: 发送消息线程启动
2025/06/25 20:46:00 [stderr] 2905: nginx: ------------------------------------begin--------------------------------------
2025/06/25 20:46:00 [stderr] 2905: nginx: 当前在线人数/总人数(1/2048)。
2025/06/25 20:46:00 [stderr] 2905: nginx: 连接池中空闲连接/总连接/要释放的连接(2046/2048/0)。
2025/06/25 20:46:00 [stderr] 2905: nginx: 当前时间队列大小(1)。
2025/06/25 20:46:00 [stderr] 2905: nginx: 当前收消息队列/发消息队列大小分别为(0/0)，丢弃的待发送数据包数量为0。
2025/06/25 20:46:00 [stderr] 2905: nginx: -------------------------------------end---------------------------------------
2025/06/25 20:46:00 [stderr] 2905: nginx: CLogicSocket::threadRecvProcFunc()中imsgCode=1!
2025/06/25 20:46:00 [info] 2905: 成功写入队列
2025/06/25 20:46:00 [stderr] 2904: nginx: 数据转移成功
2025/06/25 20:46:01 [stderr] 2906: nginx: 解压成功.
2025/06/25 20:46:02 [stderr] 2906: nginx: 镜像ICP点云压缩成功!
2025/06/25 20:46:02 [stderr] 2906: nginx: 线程id:234374912
2025/06/25 20:46:02 [stderr] 2904: nginx: 第二次数据转移成功
2025/06/25 20:46:02 [stderr] 2907: nginx: 解压成功.
2025/06/25 20:46:02 [stderr] 2907: nginx: 解压成功.
2025/06/25 20:46:03 [stderr] 2907: nginx: Starting asymmetry calculation with16480points
2025/06/25 20:46:06 [stderr] 2907: nginx: Asymmetry calculation complete. Average minimum distance:3
2025/06/25 20:46:06 [stderr] 2907: nginx: socket fd = 6
2025/06/25 20:46:06 [stderr] 2907: nginx: 线程id:225982208
2025/06/25 20:46:06 [stderr] 2904: nginx: 第三次数据转移成功
2025/06/25 20:46:06 [stderr] 2904: nginx: 第三次数据转移成功
2025/06/25 20:46:06 [stderr] 2908: nginx: 不对称度为：3
2025/06/25 20:46:06 [stderr] 2905: nginx: p_Conn fd: 6
2025/06/25 20:46:06 [stderr] 2905: nginx: 要发送数据的大小为：42
2025/06/25 20:46:06 [stderr] 2905: nginx: fd:6
2025/06/25 20:46:06 [stderr] 2905: nginx: m_MsgSendQueue的大小：1
2025/06/25 20:46:06 [stderr] 2905: nginx: 成功写入m_MsgSendQueue
2025/06/25 20:46:06 [stderr] 2905: nginx: 成功写入发送队列
2025/06/25 20:46:06 [stderr] 2905: nginx: p_Conn->isendlen = 26
2025/06/25 20:46:06 [stderr] 2905: nginx: sendsize = 26
2025/06/25 20:46:06 [stderr] 2905: nginx: CSocekt::ServerSendQueueThread()中数据发送完毕，很好。
2025/06/25 20:46:30 [stderr] 2905: nginx: ------------------------------------begin--------------------------------------
2025/06/25 20:46:30 [stderr] 2905: nginx: 当前在线人数/总人数(0/2048)。
2025/06/25 20:46:30 [stderr] 2905: nginx: 连接池中空闲连接/总连接/要释放的连接(2046/2048/1)。
2025/06/25 20:46:30 [stderr] 2905: nginx: 当前时间队列大小(0)。
2025/06/25 20:46:30 [stderr] 2905: nginx: 当前收消息队列/发消息队列大小分别为(0/0)，丢弃的待发送数据包数量为0。
2025/06/25 20:46:30 [stderr] 2905: nginx: -------------------------------------end---------------------------------------
2025/06/25 20:46:40 [stderr] 2905: nginx: CLogicSocket::threadRecvProcFunc()中imsgCode=1!
2025/06/25 20:46:40 [info] 2905: 成功写入队列
2025/06/25 20:46:40 [stderr] 2904: nginx: 数据转移成功
2025/06/25 20:46:40 [stderr] 2906: nginx: 解压成功.
2025/06/25 20:46:42 [stderr] 2906: nginx: 镜像ICP点云压缩成功!
2025/06/25 20:46:42 [stderr] 2906: nginx: 线程id:234374912
2025/06/25 20:46:42 [stderr] 2904: nginx: 第二次数据转移成功
2025/06/25 20:46:42 [stderr] 2907: nginx: 解压成功.
2025/06/25 20:46:42 [stderr] 2907: nginx: 解压成功.
2025/06/25 20:46:42 [stderr] 2907: nginx: Starting asymmetry calculation with16480points
2025/06/25 20:46:45 [stderr] 2907: nginx: Asymmetry calculation complete. Average minimum distance:3
2025/06/25 20:46:45 [stderr] 2907: nginx: socket fd = 6
2025/06/25 20:46:45 [stderr] 2907: nginx: 线程id:234374912
2025/06/25 20:46:45 [stderr] 2904: nginx: 第三次数据转移成功
2025/06/25 20:46:45 [stderr] 2904: nginx: 第三次数据转移成功
2025/06/25 20:46:45 [stderr] 2905: nginx: p_Conn fd: 6
2025/06/25 20:46:45 [stderr] 2905: nginx: 要发送数据的大小为：42
2025/06/25 20:46:45 [stderr] 2905: nginx: fd:6
2025/06/25 20:46:45 [stderr] 2905: nginx: m_MsgSendQueue的大小：1
2025/06/25 20:46:45 [stderr] 2905: nginx: 成功写入m_MsgSendQueue
2025/06/25 20:46:45 [stderr] 2905: nginx: p_Conn->isendlen = 26
2025/06/25 20:46:45 [stderr] 2905: nginx: sendsize = 26
2025/06/25 20:46:45 [stderr] 2905: nginx: 成功写入发送队列
2025/06/25 20:46:45 [stderr] 2905: nginx: CSocekt::ServerSendQueueThread()中数据发送完毕，很好。
2025/06/25 20:46:45 [stderr] 2908: nginx: 不对称度为：3
2025/06/25 20:53:05 [info] 3292: 监听8080端口成功!
2025/06/25 20:53:05 [notice] 3293: master process ./nginx 3293 【master进程】启动并开始运行......!
2025/06/25 20:53:05 [notice] 3295: mirror process 3295 【mirrorwork进程】启动并开始运行......!
2025/06/25 20:53:05 [notice] 3296: result process 3296 【resultwork进程】启动并开始运行......!
2025/06/25 20:53:05 [notice] 3297: persult process 3297 【persistwork进程】启动并开始运行......!
2025/06/25 20:53:06 [notice] 3294: network process 3294 【network进程】启动并开始运行......!
2025/06/25 20:53:06 [stderr] 3294: nginx: 发送消息线程启动
2025/06/25 20:53:06 [stderr] 3294: nginx: size of pPkgHeader : 8
2025/06/25 20:53:29 [info] 3427: 监听8080端口成功!
2025/06/25 20:53:29 [notice] 3428: master process ./nginx 3428 【master进程】启动并开始运行......!
2025/06/25 20:53:29 [notice] 3430: mirror process 3430 【mirrorwork进程】启动并开始运行......!
2025/06/25 20:53:29 [notice] 3431: result process 3431 【resultwork进程】启动并开始运行......!
2025/06/25 20:53:29 [notice] 3433: persult process 3433 【persistwork进程】启动并开始运行......!
2025/06/25 20:53:30 [notice] 3429: network process 3429 【network进程】启动并开始运行......!
2025/06/25 20:53:30 [stderr] 3429: nginx: 发送消息线程启动
2025/06/25 20:53:30 [stderr] 3429: nginx: size of pPkgHeader : 8
2025/06/25 20:53:36 [stderr] 3429: nginx: ------------------------------------begin--------------------------------------
2025/06/25 20:53:36 [stderr] 3429: nginx: 当前在线人数/总人数(1/2048)。
2025/06/25 20:53:36 [stderr] 3429: nginx: 连接池中空闲连接/总连接/要释放的连接(2046/2048/0)。
2025/06/25 20:53:36 [stderr] 3429: nginx: 当前时间队列大小(1)。
2025/06/25 20:53:36 [stderr] 3429: nginx: 当前收消息队列/发消息队列大小分别为(0/0)，丢弃的待发送数据包数量为0。
2025/06/25 20:53:36 [stderr] 3429: nginx: -------------------------------------end---------------------------------------
2025/06/25 20:53:36 [stderr] 3429: nginx: CLogicSocket::threadRecvProcFunc()中imsgCode=1!
2025/06/25 20:53:36 [info] 3429: 成功写入队列
2025/06/25 20:53:36 [stderr] 3428: nginx: 数据转移成功
2025/06/25 20:53:36 [stderr] 3430: nginx: 解压成功.
2025/06/25 20:53:38 [stderr] 3430: nginx: 镜像ICP点云压缩成功!
2025/06/25 20:53:38 [stderr] 3430: nginx: 线程id:-1093241088
2025/06/25 20:53:38 [stderr] 3428: nginx: 第二次数据转移成功
2025/06/25 20:53:38 [stderr] 3431: nginx: 解压成功.
2025/06/25 20:53:38 [stderr] 3431: nginx: 解压成功.
2025/06/25 20:53:39 [stderr] 3431: nginx: Starting asymmetry calculation with16480points
2025/06/25 20:53:42 [stderr] 3431: nginx: Asymmetry calculation complete. Average minimum distance:3
2025/06/25 20:53:42 [stderr] 3431: nginx: socket fd = 6
2025/06/25 20:53:42 [stderr] 3428: nginx: 第三次数据转移成功
2025/06/25 20:53:42 [stderr] 3429: nginx: p_Conn fd: 6
2025/06/25 20:53:42 [stderr] 3429: nginx: 要发送数据的大小为：42
2025/06/25 20:53:42 [stderr] 3429: nginx: fd:6
2025/06/25 20:53:42 [stderr] 3429: nginx: m_MsgSendQueue的大小：1
2025/06/25 20:53:42 [stderr] 3429: nginx: 成功写入m_MsgSendQueue
2025/06/25 20:53:42 [stderr] 3429: nginx: p_Conn->isendlen = 26
2025/06/25 20:53:42 [stderr] 3429: nginx: sendsize = 26
2025/06/25 20:53:42 [stderr] 3429: nginx: CSocekt::ServerSendQueueThread()中数据发送完毕，很好。
2025/06/25 20:53:42 [stderr] 3428: nginx: 第三次数据转移成功
2025/06/25 20:53:42 [stderr] 3433: nginx: 不对称度为：3
2025/06/25 20:53:42 [stderr] 3431: nginx: 线程id:-1101633792
2025/06/25 20:53:42 [stderr] 3429: nginx: 成功写入发送队列
2025/06/25 22:24:28 [info] 3872: 监听8080端口成功!
2025/06/25 22:24:28 [notice] 3873: master process ./nginx 3873 【master进程】启动并开始运行......!
2025/06/25 22:24:28 [notice] 3875: mirror process 3875 【mirrorwork进程】启动并开始运行......!
2025/06/25 22:24:28 [notice] 3876: result process 3876 【resultwork进程】启动并开始运行......!
2025/06/25 22:24:28 [notice] 3878: persult process 3878 【persistwork进程】启动并开始运行......!
2025/06/25 22:24:29 [notice] 3874: network process 3874 【network进程】启动并开始运行......!
2025/06/25 22:24:29 [stderr] 3874: nginx: 发送消息线程启动
2025/06/25 22:24:29 [stderr] 3874: nginx: size of pMsgHeader : 8
2025/06/25 22:24:29 [stderr] 3874: nginx: size of pPkgHeader : 8
2025/06/25 22:25:08 [stderr] 3874: nginx: ------------------------------------begin--------------------------------------
2025/06/25 22:25:08 [stderr] 3874: nginx: 当前在线人数/总人数(1/2048)。
2025/06/25 22:25:08 [stderr] 3874: nginx: 连接池中空闲连接/总连接/要释放的连接(2046/2048/0)。
2025/06/25 22:25:08 [stderr] 3874: nginx: 当前时间队列大小(1)。
2025/06/25 22:25:08 [stderr] 3874: nginx: 当前收消息队列/发消息队列大小分别为(0/0)，丢弃的待发送数据包数量为0。
2025/06/25 22:25:08 [stderr] 3874: nginx: -------------------------------------end---------------------------------------
2025/06/25 22:25:08 [stderr] 3874: nginx: CLogicSocket::threadRecvProcFunc()中imsgCode=1!
2025/06/25 22:25:08 [info] 3874: 成功写入队列
2025/06/25 22:25:08 [stderr] 3873: nginx: 数据转移成功
2025/06/25 22:25:08 [stderr] 3875: nginx: 解压成功.
2025/06/25 22:25:10 [stderr] 3875: nginx: 镜像ICP点云压缩成功!
2025/06/25 22:25:10 [stderr] 3875: nginx: 线程id:-1991604480
2025/06/25 22:25:10 [stderr] 3873: nginx: 第二次数据转移成功
2025/06/25 22:25:10 [stderr] 3876: nginx: 解压成功.
2025/06/25 22:25:10 [stderr] 3876: nginx: 解压成功.
2025/06/25 22:25:10 [stderr] 3876: nginx: Starting asymmetry calculation with16480points
2025/06/25 22:25:14 [stderr] 3876: nginx: Asymmetry calculation complete. Average minimum distance:3
2025/06/25 22:25:14 [stderr] 3876: nginx: socket fd = 6
2025/06/25 22:25:14 [stderr] 3873: nginx: 第三次数据转移成功
2025/06/25 22:25:14 [stderr] 3876: nginx: 线程id:-1999997184
2025/06/25 22:25:14 [stderr] 3878: nginx: 不对称度为：3
2025/06/25 22:25:14 [stderr] 3874: nginx: p_Conn fd: 6
2025/06/25 22:25:14 [stderr] 3874: nginx: 要写入发送队列的大小为：42
2025/06/25 22:25:14 [stderr] 3874: nginx: fd:6
2025/06/25 22:25:14 [stderr] 3873: nginx: 第三次数据转移成功
2025/06/25 22:25:14 [stderr] 3874: nginx: size of ResToNetwork:16
2025/06/25 22:25:14 [stderr] 3874: nginx: m_MsgSendQueue的大小：1
2025/06/25 22:25:14 [stderr] 3874: nginx: 成功写入m_MsgSendQueue
2025/06/25 22:25:14 [stderr] 3874: nginx: 成功写入发送队列
2025/06/25 22:25:14 [stderr] 3874: nginx: p_Conn->isendlen = 26
2025/06/25 22:25:14 [stderr] 3874: nginx: sendsize = 26
2025/06/25 22:25:14 [stderr] 3874: nginx: CSocekt::ServerSendQueueThread()中数据发送完毕，很好。
2025/06/25 22:26:08 [stderr] 3874: nginx: ------------------------------------begin--------------------------------------
2025/06/25 22:26:08 [stderr] 3874: nginx: 当前在线人数/总人数(0/2048)。
2025/06/25 22:26:08 [stderr] 3874: nginx: 连接池中空闲连接/总连接/要释放的连接(2046/2048/1)。
2025/06/25 22:26:08 [stderr] 3874: nginx: 当前时间队列大小(0)。
2025/06/25 22:26:08 [stderr] 3874: nginx: 当前收消息队列/发消息队列大小分别为(0/0)，丢弃的待发送数据包数量为0。
2025/06/25 22:26:08 [stderr] 3874: nginx: -------------------------------------end---------------------------------------
2025/06/25 23:08:32 [info] 4265: 监听8080端口成功!
2025/06/25 23:08:32 [notice] 4266: master process ./nginx 4266 【master进程】启动并开始运行......!
2025/06/25 23:08:32 [notice] 4270: persult process 4270 【persistwork进程】启动并开始运行......!
2025/06/25 23:08:32 [notice] 4268: mirror process 4268 【mirrorwork进程】启动并开始运行......!
2025/06/25 23:08:32 [notice] 4269: result process 4269 【resultwork进程】启动并开始运行......!
2025/06/25 23:08:34 [stderr] 4267: nginx: 发送消息线程启动
2025/06/25 23:08:34 [stderr] 4267: nginx: size of pMsgHeader : 8
2025/06/25 23:08:34 [stderr] 4267: nginx: size of pPkgHeader : 8
2025/06/25 23:08:34 [notice] 4267: network process 4267 【network进程】启动并开始运行......!
2025/06/25 23:09:02 [stderr] 4267: nginx: ------------------------------------begin--------------------------------------
2025/06/25 23:09:02 [stderr] 4267: nginx: 当前在线人数/总人数(1/2048)。
2025/06/25 23:09:02 [stderr] 4267: nginx: 连接池中空闲连接/总连接/要释放的连接(2046/2048/0)。
2025/06/25 23:09:02 [stderr] 4267: nginx: 当前时间队列大小(1)。
2025/06/25 23:09:02 [stderr] 4267: nginx: 当前收消息队列/发消息队列大小分别为(0/0)，丢弃的待发送数据包数量为0。
2025/06/25 23:09:02 [stderr] 4267: nginx: -------------------------------------end---------------------------------------
2025/06/25 23:09:02 [stderr] 4267: nginx: CLogicSocket::threadRecvProcFunc()中imsgCode=1!
2025/06/25 23:09:02 [info] 4267: 成功写入队列
2025/06/25 23:09:02 [stderr] 4266: nginx: 数据转移成功
2025/06/25 23:09:02 [stderr] 4268: nginx: 解压成功.
2025/06/25 23:09:05 [stderr] 4268: nginx: 镜像ICP点云压缩成功!
2025/06/25 23:09:05 [stderr] 4268: nginx: 线程id:-1653946624
2025/06/25 23:09:05 [stderr] 4266: nginx: 第二次数据转移成功
2025/06/25 23:09:05 [stderr] 4269: nginx: 解压成功.
2025/06/25 23:09:05 [stderr] 4269: nginx: 解压成功.
2025/06/25 23:09:05 [stderr] 4269: nginx: Starting asymmetry calculation with16480points
2025/06/25 23:09:09 [stderr] 4269: nginx: Asymmetry calculation complete. Average minimum distance:3
2025/06/25 23:09:09 [stderr] 4269: nginx: socket fd = 6
2025/06/25 23:09:09 [stderr] 4269: nginx: 线程id:-1662339328
2025/06/25 23:09:09 [stderr] 4270: nginx: 不对称度为：3
2025/06/25 23:09:09 [stderr] 4266: nginx: 第三次数据转移成功
2025/06/25 23:09:09 [stderr] 4266: nginx: 第三次数据转移成功
2025/06/25 23:09:09 [stderr] 4267: nginx: p_Conn fd: 6
2025/06/25 23:09:09 [stderr] 4267: nginx: 要写入发送队列的大小为：42
2025/06/25 23:09:09 [stderr] 4267: nginx: fd:6
2025/06/25 23:09:09 [stderr] 4267: nginx: size of m_iLenMsgHeader:16
2025/06/25 23:09:09 [stderr] 4267: nginx: size of m_iLenPkgHeader:10
2025/06/25 23:09:09 [stderr] 4267: nginx: size of ResToNetwork:16
2025/06/25 23:09:09 [stderr] 4267: nginx: m_MsgSendQueue的大小：1
2025/06/25 23:09:09 [stderr] 4267: nginx: 成功写入m_MsgSendQueue
2025/06/25 23:09:09 [stderr] 4267: nginx: 成功写入发送队列
2025/06/25 23:09:09 [stderr] 4267: nginx: p_Conn->isendlen = 26
2025/06/25 23:09:09 [stderr] 4267: nginx: sendsize = 26
2025/06/25 23:09:09 [stderr] 4267: nginx: CSocekt::ServerSendQueueThread()中数据发送完毕，很好。
2025/06/25 23:10:02 [stderr] 4267: nginx: ------------------------------------begin--------------------------------------
2025/06/25 23:10:02 [stderr] 4267: nginx: 当前在线人数/总人数(0/2048)。
2025/06/25 23:10:02 [stderr] 4267: nginx: 连接池中空闲连接/总连接/要释放的连接(2046/2048/1)。
2025/06/25 23:10:02 [stderr] 4267: nginx: 当前时间队列大小(0)。
2025/06/25 23:10:02 [stderr] 4267: nginx: 当前收消息队列/发消息队列大小分别为(0/0)，丢弃的待发送数据包数量为0。
2025/06/25 23:10:02 [stderr] 4267: nginx: -------------------------------------end---------------------------------------
2025/06/25 23:15:05 [info] 4404: 监听8080端口成功!
2025/06/25 23:15:05 [notice] 4405: master process ./nginx 4405 【master进程】启动并开始运行......!
2025/06/25 23:15:06 [notice] 4407: mirror process 4407 【mirrorwork进程】启动并开始运行......!
2025/06/25 23:15:06 [notice] 4408: result process 4408 【resultwork进程】启动并开始运行......!
2025/06/25 23:15:06 [notice] 4409: persult process 4409 【persistwork进程】启动并开始运行......!
2025/06/25 23:15:12 [stderr] 4406: nginx: 发送消息线程启动
2025/06/25 23:15:12 [stderr] 4406: nginx: size of pMsgHeader : 8
2025/06/25 23:15:13 [notice] 4406: network process 4406 【network进程】启动并开始运行......!
2025/06/25 23:15:13 [stderr] 4406: nginx: size of pPkgHeader : 8
