Performing C SOURCE FILE Test CMAKE_HAVE_LIBC_PTHREAD failed with the following output:
Change Dir: /mnt/hgfs/LinuxLearning/pointServer/build/CMakeFiles/CMakeScratch/TryCompile-S3TgEL

Run Build Command(s):/usr/bin/make -f Makefile cmTC_dc040/fast && /usr/bin/make  -f CMakeFiles/cmTC_dc040.dir/build.make CMakeFiles/cmTC_dc040.dir/build
make[1]: Entering directory '/mnt/hgfs/LinuxLearning/pointServer/build/CMakeFiles/CMakeScratch/TryCompile-S3TgEL'
Building C object CMakeFiles/cmTC_dc040.dir/src.c.o
/usr/bin/cc -DCMAKE_HAVE_LIBC_PTHREAD   -o CMakeFiles/cmTC_dc040.dir/src.c.o -c /mnt/hgfs/LinuxLearning/pointServer/build/CMakeFiles/CMakeScratch/TryCompile-S3TgEL/src.c
Linking C executable cmTC_dc040
/usr/local/bin/cmake -E cmake_link_script CMakeFiles/cmTC_dc040.dir/link.txt --verbose=1
/usr/bin/cc CMakeFiles/cmTC_dc040.dir/src.c.o -o cmTC_dc040 
CMakeFiles/cmTC_dc040.dir/src.c.o: In function `main':
src.c:(.text+0x3c): undefined reference to `pthread_create'
src.c:(.text+0x48): undefined reference to `pthread_detach'
src.c:(.text+0x54): undefined reference to `pthread_cancel'
src.c:(.text+0x65): undefined reference to `pthread_join'
src.c:(.text+0x79): undefined reference to `pthread_atfork'
collect2: error: ld returned 1 exit status
CMakeFiles/cmTC_dc040.dir/build.make:98: recipe for target 'cmTC_dc040' failed
make[1]: *** [cmTC_dc040] Error 1
make[1]: Leaving directory '/mnt/hgfs/LinuxLearning/pointServer/build/CMakeFiles/CMakeScratch/TryCompile-S3TgEL'
Makefile:127: recipe for target 'cmTC_dc040/fast' failed
make: *** [cmTC_dc040/fast] Error 2


Source file was:
#include <pthread.h>

static void* test_func(void* data)
{
  return data;
}

int main(void)
{
  pthread_t thread;
  pthread_create(&thread, NULL, test_func, NULL);
  pthread_detach(thread);
  pthread_cancel(thread);
  pthread_join(thread, NULL);
  pthread_atfork(NULL, NULL, NULL);
  pthread_exit(NULL);

  return 0;
}


Determining if the function pthread_create exists in the pthreads failed with the following output:
Change Dir: /mnt/hgfs/LinuxLearning/pointServer/build/CMakeFiles/CMakeScratch/TryCompile-pDTXth

Run Build Command(s):/usr/bin/make -f Makefile cmTC_94f85/fast && /usr/bin/make  -f CMakeFiles/cmTC_94f85.dir/build.make CMakeFiles/cmTC_94f85.dir/build
make[1]: Entering directory '/mnt/hgfs/LinuxLearning/pointServer/build/CMakeFiles/CMakeScratch/TryCompile-pDTXth'
Building C object CMakeFiles/cmTC_94f85.dir/CheckFunctionExists.c.o
/usr/bin/cc   -DCHECK_FUNCTION_EXISTS=pthread_create -o CMakeFiles/cmTC_94f85.dir/CheckFunctionExists.c.o -c /mnt/hgfs/LinuxLearning/pointServer/build/CMakeFiles/CMakeScratch/TryCompile-pDTXth/CheckFunctionExists.c
Linking C executable cmTC_94f85
/usr/local/bin/cmake -E cmake_link_script CMakeFiles/cmTC_94f85.dir/link.txt --verbose=1
/usr/bin/cc  -DCHECK_FUNCTION_EXISTS=pthread_create CMakeFiles/cmTC_94f85.dir/CheckFunctionExists.c.o -o cmTC_94f85  -lpthreads 
/usr/bin/ld: cannot find -lpthreads
collect2: error: ld returned 1 exit status
CMakeFiles/cmTC_94f85.dir/build.make:98: recipe for target 'cmTC_94f85' failed
make[1]: *** [cmTC_94f85] Error 1
make[1]: Leaving directory '/mnt/hgfs/LinuxLearning/pointServer/build/CMakeFiles/CMakeScratch/TryCompile-pDTXth'
Makefile:127: recipe for target 'cmTC_94f85/fast' failed
make: *** [cmTC_94f85/fast] Error 2



